	
----------------------	
--auction3@whatsmybid.com	
--You have the winning Bid on Lot# 2.	
--<p>Dear Auction 3 ALast ,</p>
<p> Your Bid for Lot # 2 won! </p>
<p>Congratulations!!</p>
<p> </p>
<p>You can get more details by going to http://www.whatsmybid.com/test/index.php?option=com_bids&task=viewbids&id=264 and logging in.</p>
<p>Best Regards,</p>
<p>The Webmaster</p>	
----------------------	
--auction5@whatsmybid.com	
--You have the winning Bid on Lot# 3.	
--<p>Dear Auction 5 AL5 ,</p>
<p> Your Bid for Lot # 3 won! </p>
<p>Congratulations!!</p>
<p> </p>
<p>You can get more details by going to http://www.whatsmybid.com/test/index.php?option=com_bids&task=viewbids&id=265 and logging in.</p>
<p>Best Regards,</p>
<p>The Webmaster</p>	
----------------------	
--auction3@whatsmybid.com	
--You have the winning Bid on Lot# 1.	
--<p>Dear Auction 3 ALast ,</p>
<p> Your Bid for Lot # 1 won! </p>
<p>Congratulations!!</p>
<p> </p>
<p>You can get more details by going to http://www.whatsmybid.com/test/index.php?option=com_bids&task=viewbids&id=263 and logging in.</p>
<p>Best Regards,</p>
<p>The Webmaster</p>	
----------------------	
--auction4@whatsmybid.com	
--You have the winning Bid on Lot# 2.	
--<p>Dear Auction4 LastAuction4 ,</p>
<p> Your Bid for Lot # 2 won! </p>
<p>Congratulations!!</p>
<p> </p>
<p>You can get more details by going to http://www.whatsmybid.com/test/index.php?option=com_bids&task=viewbids&id=264 and logging in.</p>
<p>Best Regards,</p>
<p>The Webmaster</p>	
----------------------	
--auction5@whatsmybid.com	
--You have the winning Bid on Lot# 3.	
--<p>Dear Auction 5 AL5 ,</p>
<p> Your Bid for Lot # 3 won! </p>
<p>Congratulations!!</p>
<p> </p>
<p>You can get more details by going to http://www.whatsmybid.com/test/index.php?option=com_bids&task=viewbids&id=265 and logging in.</p>
<p>Best Regards,</p>
<p>The Webmaster</p>	
----------------------	
--auction3@whatsmybid.com	
--You have the winning Bid on Lot# 1.	
--<p>Dear Auction 3 ALast ,</p>
<p> Your Bid for Lot # 1 won! </p>
<p>Congratulations!!</p>
<p> </p>
<p>You can get more details by going to http://www.whatsmybid.com/test/index.php?option=com_bids&task=viewbids&id=263 and logging in.</p>
<p>Best Regards,</p>
<p>The Webmaster</p>	
----------------------	
--auction4@whatsmybid.com	
--You have the winning Bid on Lot# 2.	
--<p>Dear Auction4 LastAuction4 ,</p>
<p> Your Bid for Lot # 2 won! </p>
<p>Congratulations!!</p>
<p> </p>
<p>You can get more details by going to http://www.whatsmybid.com/test/index.php?option=com_bids&task=viewbids&id=264 and logging in.</p>
<p>Best Regards,</p>
<p>The Webmaster</p>	
----------------------	
--auction3@whatsmybid.com	
--You have the winning Bid on Lot# 3.	
--<p>Dear Auction 3 ALast ,</p>
<p> Your Bid for Lot # 3 won! </p>
<p>Congratulations!!</p>
<p> </p>
<p>You can get more details by going to http://www.whatsmybid.com/test/index.php?option=com_bids&task=viewbids&id=265 and logging in.</p>
<p>Best Regards,</p>
<p>The Webmaster</p>	
----------------------	
--auction3@whatsmybid.com	
--You have the winning Bid on Lot# 1.	
--<p>Dear Auction 3 ALast ,</p>
<p> Your Bid for Lot # 1 won! </p>
<p>Congratulations!!</p>
<p> </p>
<p>You can get more details by going to http://www.whatsmybid.com/test/index.php?option=com_bids&task=viewbids&id=263 and logging in.</p>
<p>Best Regards,</p>
<p>The Webmaster</p>	
----------------------	
--auction3@whatsmybid.com	
--You have the winning Bid on Lot# 1.	
--<p>Dear Auction 3 ALast ,</p>
<p> Your Bid for Lot # 1 won! </p>
<p>Congratulations!!</p>
<p> </p>
<p>You can get more details by going to http://www.whatsmybid.com/test/index.php?option=com_bids&task=viewbids&id=263 and logging in.</p>
<p>Best Regards,</p>
<p>The Webmaster</p>	
----------------------	
--auction3@whatsmybid.com	
--You have the winning Bid on Lot# 2.	
--<p>Dear Auction 3 ALast ,</p>
<p> Your Bid for Lot # 2 won! </p>
<p>Congratulations!!</p>
<p> </p>
<p>You can get more details by going to http://www.whatsmybid.com/test/index.php?option=com_bids&task=viewbids&id=264 and logging in.</p>
<p>Best Regards,</p>
<p>The Webmaster</p>	
----------------------	
--auction3@whatsmybid.com	
--You have the winning Bid on Lot# 3.	
--<p>Dear Auction 3 ALast ,</p>
<p> Your Bid for Lot # 3 won! </p>
<p>Congratulations!!</p>
<p> </p>
<p>You can get more details by going to http://www.whatsmybid.com/test/index.php?option=com_bids&task=viewbids&id=265 and logging in.</p>
<p>Best Regards,</p>
<p>The Webmaster</p>	
----------------------	
--auction4@whatsmybid.com	
--You have the winning Bid on Lot# 1.	
--<p>Dear Auction4 LastAuction4 ,</p>
<p> Your Bid for Lot # 1 won! </p>
<p>Congratulations!!</p>
<p> </p>
<p>You can get more details by going to http://www.whatsmybid.com/test/index.php?option=com_bids&task=viewbids&id=263 and logging in.</p>
<p>Best Regards,</p>
<p>The Webmaster</p>	
----------------------	
--auction5@whatsmybid.com	
--You have the winning Bid on Lot# 4.	
--<p>Dear Auction 5 AL5 ,</p>
<p> Your Bid for Lot # 4 won! </p>
<p>Congratulations!!</p>
<p> </p>
<p>You can get more details by going to http://www.whatsmybid.com/test/index.php?option=com_bids&task=viewbids&id=266 and logging in.</p>
<p>Best Regards,</p>
<p>The Webmaster</p>	
----------------------	
--auction3@whatsmybid.com	
--You have the winning Bid on Lot# 2.	
--<p>Dear Auction 3 ALast ,</p>
<p> Your Bid for Lot # 2 won! </p>
<p>Congratulations!!</p>
<p> </p>
<p>You can get more details by going to http://www.whatsmybid.com/test/index.php?option=com_bids&task=viewbids&id=264 and logging in.</p>
<p>Best Regards,</p>
<p>The Webmaster</p>	
----------------------	
--auction3@whatsmybid.com	
--You have the winning Bid on Lot# 3.	
--<p>Dear Auction 3 ALast ,</p>
<p> Your Bid for Lot # 3 won! </p>
<p>Congratulations!!</p>
<p> </p>
<p>You can get more details by going to http://www.whatsmybid.com/test/index.php?option=com_bids&task=viewbids&id=265 and logging in.</p>
<p>Best Regards,</p>
<p>The Webmaster</p>	
----------------------	
--auction3@whatsmybid.com	
--You have the winning Bid on Lot# 4.	
--<p>Dear Auction 3 ALast ,</p>
<p> Your Bid for Lot # 4 won! </p>
<p>Congratulations!!</p>
<p> </p>
<p>You can get more details by going to http://www.whatsmybid.com/test/index.php?option=com_bids&task=viewbids&id=266 and logging in.</p>
<p>Best Regards,</p>
<p>The Webmaster</p>	
----------------------	
--auction3@whatsmybid.com	
--You have the winning Bid on Lot# 2.	
--<p>Dear Auction 3 ALast ,</p>
<p> Your Bid for Lot # 2 won! </p>
<p>Congratulations!!</p>
<p> </p>
<p>You can get more details by going to http://www.whatsmybid.com/test/index.php?option=com_bids&task=viewbids&id=264 and logging in.</p>
<p>Best Regards,</p>
<p>The Webmaster</p>	
----------------------	
--auction3@whatsmybid.com	
--You have the winning Bid on Lot# 2.	
--<p>Dear Auction 3 ALast ,</p>
<p> Your Bid for Lot # 2 won! </p>
<p>Congratulations!!</p>
<p> </p>
<p>You can get more details by going to http://www.whatsmybid.com/test/index.php?option=com_bids&task=viewbids&id=264 and logging in.</p>
<p>Best Regards,</p>
<p>The Webmaster</p>	
----------------------	
--auction3@whatsmybid.com	
--You have the winning Bid on Lot# 1.	
--<p>Dear Auction 3 ALast ,</p>
<p> Your Bid for Lot # 1 won! </p>
<p>Congratulations!!</p>
<p> </p>
<p>You can get more details by going to http://www.whatsmybid.com/test/index.php?option=com_bids&task=viewbids&id=263 and logging in.</p>
<p>Best Regards,</p>
<p>The Webmaster</p>	
----------------------	
--auction4@whatsmybid.com	
--You have the winning Bid on Lot# 2.	
--<p>Dear Auction4 LastAuction4 ,</p>
<p> Your Bid for Lot # 2 won! </p>
<p>Congratulations!!</p>
<p> </p>
<p>You can get more details by going to http://www.whatsmybid.com/test/index.php?option=com_bids&task=viewbids&id=264 and logging in.</p>
<p>Best Regards,</p>
<p>The Webmaster</p>	
----------------------	
--auction3@whatsmybid.com	
--You have the winning Bid on Lot# 1.	
--<p>Dear Auction 3 ALast ,</p>
<p> Your Bid for Lot # 1 won! </p>
<p>Congratulations!!</p>
<p> </p>
<p>You can get more details by going to http://www.whatsmybid.com/test/index.php?option=com_bids&task=viewbids&id=263 and logging in.</p>
<p>Best Regards,</p>
<p>The Webmaster</p>	
----------------------	
--auction4@whatsmybid.com	
--You have the winning Bid on Lot# 2.	
--<p>Dear Auction4 LastAuction4 ,</p>
<p> Your Bid for Lot # 2 won! </p>
<p>Congratulations!!</p>
<p> </p>
<p>You can get more details by going to http://www.whatsmybid.com/test/index.php?option=com_bids&task=viewbids&id=264 and logging in.</p>
<p>Best Regards,</p>
<p>The Webmaster</p>	
----------------------	
--auction3@whatsmybid.com	
--You have the winning Bid on Lot# 1.	
--<p>Dear Auction 3 ALast ,</p>
<p> Your Bid for Lot # 1 won! </p>
<p>Congratulations!!</p>
<p> </p>
<p>You can get more details by going to http://www.whatsmybid.com/test/index.php?option=com_bids&task=viewbids&id=263 and logging in.</p>
<p>Best Regards,</p>
<p>The Webmaster</p>	
----------------------	
--auction3@whatsmybid.com	
--You have the winning Bid on Lot# 2.	
--<p>Dear Auction 3 ALast ,</p>
<p> Your Bid for Lot # 2 won! </p>
<p>Congratulations!!</p>
<p> </p>
<p>You can get more details by going to http://www.whatsmybid.com/test/index.php?option=com_bids&task=viewbids&id=264 and logging in.</p>
<p>Best Regards,</p>
<p>The Webmaster</p>	
----------------------	
--auction3@whatsmybid.com	
--You have the winning Bid on Lot# 1.	
--<p>Dear Auction 3 ALast ,</p>
<p> Your Bid for Lot # 1 won! </p>
<p>Congratulations!!</p>
<p> </p>
<p>You can get more details by going to http://www.whatsmybid.com/test/index.php?option=com_bids&task=viewbids&id=263 and logging in.</p>
<p>Best Regards,</p>
<p>The Webmaster</p>	
----------------------	
--auction3@whatsmybid.com	
--You have the winning Bid on Lot# 2.	
--<p>Dear Auction 3 ALast ,</p>
<p> Your Bid for Lot # 2 won! </p>
<p>Congratulations!!</p>
<p> </p>
<p>You can get more details by going to http://www.whatsmybid.com/test/index.php?option=com_bids&task=viewbids&id=264 and logging in.</p>
<p>Best Regards,</p>
<p>The Webmaster</p>	
----------------------	
--auction4@whatsmybid.com	
--You have the winning Bid on Lot# 1.	
--<p>Dear Auction4 LastAuction4 ,</p>
<p> Your Bid for Lot # 1 won! </p>
<p>Congratulations!!</p>
<p> </p>
<p>You can get more details by going to http://www.whatsmybid.com/test/index.php?option=com_bids&task=viewbids&id=263 and logging in.</p>
<p>Best Regards,</p>
<p>The Webmaster</p>	
----------------------	
--auction5@whatsmybid.com	
--You have the winning Bid on Lot# 4.	
--<p>Dear Auction 5 AL5 ,</p>
<p> Your Bid for Lot # 4 won! </p>
<p>Congratulations!!</p>
<p> </p>
<p>You can get more details by going to http://www.whatsmybid.com/test/index.php?option=com_bids&task=viewbids&id=266 and logging in.</p>
<p>Best Regards,</p>
<p>The Webmaster</p>	
----------------------	
--auction3@whatsmybid.com	
--You have the winning Bid on Lot# 2.	
--<p>Dear Auction 3 ALast ,</p>
<p> Your Bid for Lot # 2 won! </p>
<p>Congratulations!!</p>
<p> </p>
<p>You can get more details by going to http://www.whatsmybid.com/test/index.php?option=com_bids&task=viewbids&id=264 and logging in.</p>
<p>Best Regards,</p>
<p>The Webmaster</p>	
----------------------	
--auction5@whatsmybid.com	
--You have the winning Bid on Lot# 3.	
--<p>Dear Auction 5 AL5 ,</p>
<p> Your Bid for Lot # 3 won! </p>
<p>Congratulations!!</p>
<p> </p>
<p>You can get more details by going to http://www.whatsmybid.com/test/index.php?option=com_bids&task=viewbids&id=265 and logging in.</p>
<p>Best Regards,</p>
<p>The Webmaster</p>	
----------------------	
--auction3@whatsmybid.com	
--You have the winning Bid on Lot# 1.	
--<p>Dear Auction 3 ALast ,</p>
<p> Your Bid for Lot # 1 won! </p>
<p>Congratulations!!</p>
<p> </p>
<p>You can get more details by going to http://www.whatsmybid.com/test/index.php?option=com_bids&task=viewbids&id=263 and logging in.</p>
<p>Best Regards,</p>
<p>The Webmaster</p>	
----------------------	
--auction3@whatsmybid.com	
--You have the winning Bid on Lot# 3.	
--<p>Dear Auction 3 ALast ,</p>
<p> Your Bid for Lot # 3 won! </p>
<p>Congratulations!!</p>
<p> </p>
<p>You can get more details by going to http://www.buyerschoiceauction.com/nsr/index.php?option=com_bids&task=viewbids&id=265 and logging in.</p>
<p>Best Regards,</p>
<p>The Webmaster</p>	
----------------------	
--auction3@whatsmybid.com	
--You have the winning Bid on Lot# 1.	
--<p>Dear Auction 3 ALast ,</p>
<p> Your Bid for Lot # 1 won! </p>
<p>Congratulations!!</p>
<p> </p>
<p>You can get more details by going to http://www.buyerschoiceauction.com/nsr/index.php?option=com_bids&task=viewbids&id=263 and logging in.</p>
<p>Best Regards,</p>
<p>The Webmaster</p>	
----------------------	
--auction4@whatsmybid.com	
--You have the winning Bid on Lot# 2.	
--<p>Dear Auction4 LastAuction4 ,</p>
<p> Your Bid for Lot # 2 won! </p>
<p>Congratulations!!</p>
<p> </p>
<p>You can get more details by going to http://www.buyerschoiceauction.com/nsr/index.php?option=com_bids&task=viewbids&id=264 and logging in.</p>
<p>Best Regards,</p>
<p>The Webmaster</p>	
----------------------	
--auction5@whatsmybid.com	
--You have the winning Bid on Lot# 3.	
--<p>Dear Auction 5 AL5 ,</p>
<p> Your Bid for Lot # 3 won! </p>
<p>Congratulations!!</p>
<p> </p>
<p>You can get more details by going to http://www.buyerschoiceauction.com/nsr/index.php?option=com_bids&task=viewbids&id=265 and logging in.</p>
<p>Best Regards,</p>
<p>The Webmaster</p>	
----------------------	
--auction3@whatsmybid.com	
--You have the winning Bid on Lot# 1.	
--<p>Dear Auction 3 ALast ,</p>
<p> Your Bid for Lot # 1 won! </p>
<p>Congratulations!!</p>
<p> </p>
<p>You can get more details by going to http://www.buyerschoiceauction.com/nsr/index.php?option=com_bids&task=viewbids&id=263 and logging in.</p>
<p>Best Regards,</p>
<p>The Webmaster</p>	
----------------------	
--auction4@whatsmybid.com	
--You have the winning Bid on Lot# 2.	
--<p>Dear Auction4 LastAuction4 ,</p>
<p> Your Bid for Lot # 2 won! </p>
<p>Congratulations!!</p>
<p> </p>
<p>You can get more details by going to http://www.buyerschoiceauction.com/nsr/index.php?option=com_bids&task=viewbids&id=264 and logging in.</p>
<p>Best Regards,</p>
<p>The Webmaster</p>	
----------------------	
--auction3@whatsmybid.com	
--You have the winning Bid on Lot# 3.	
--<p>Dear Auction 3 ALast ,</p>
<p> Your Bid for Lot # 3 won! </p>
<p>Congratulations!!</p>
<p> </p>
<p>You can get more details by going to http://www.buyerschoiceauction.com/nsr/index.php?option=com_bids&task=viewbids&id=265 and logging in.</p>
<p>Best Regards,</p>
<p>The Webmaster</p>	
----------------------	
--auction3@whatsmybid.com	
--You have the winning Bid on Lot# 1.	
--<p>Dear Auction 3 ALast ,</p>
<p> Your Bid for Lot # 1 won! </p>
<p>Congratulations!!</p>
<p> </p>
<p>You can get more details by going to http://www.buyerschoiceauction.com/nsr/index.php?option=com_bids&task=viewbids&id=263 and logging in.</p>
<p>Best Regards,</p>
<p>The Webmaster</p>	
----------------------	
--auction5@whatsmybid.com	
--You have the winning Bid on Lot# 2.	
--<p>Dear Auction 5 AL5 ,</p>
<p> Your Bid for Lot # 2 won! </p>
<p>Congratulations!!</p>
<p> </p>
<p>You can get more details by going to http://www.buyerschoiceauction.com/nsr/index.php?option=com_bids&task=viewbids&id=264 and logging in.</p>
<p>Best Regards,</p>
<p>The Webmaster</p>	
----------------------	
--auction3@whatsmybid.com	
--You have the winning Bid on Lot# 3.	
--<p>Dear Auction 3 ALast ,</p>
<p> Your Bid for Lot # 3 won! </p>
<p>Congratulations!!</p>
<p> </p>
<p>You can get more details by going to http://www.buyerschoiceauction.com/nsr/index.php?option=com_bids&task=viewbids&id=265 and logging in.</p>
<p>Best Regards,</p>
<p>The Webmaster</p>	
----------------------	
--auction4@whatsmybid.com	
--You have the winning Bid on Lot# 2.	
--<p>Dear Auction4 LastAuction4 ,</p>
<p> Your Bid for Lot # 2 won! </p>
<p>Congratulations!!</p>
<p> </p>
<p>You can get more details by going to http://www.buyerschoiceauction.com/nsr/index.php?option=com_bids&task=viewbids&id=264 and logging in.</p>
<p>Best Regards,</p>
<p>The Webmaster</p>	
----------------------	
--auction4@whatsmybid.com	
--You have the winning Bid on Lot# 3.	
--<p>Dear Auction4 LastAuction4 ,</p>
<p> Your Bid for Lot # 3 won! </p>
<p>Congratulations!!</p>
<p> </p>
<p>You can get more details by going to http://www.buyerschoiceauction.com/nsr/index.php?option=com_bids&task=viewbids&id=265 and logging in.</p>
<p>Best Regards,</p>
<p>The Webmaster</p>	
----------------------	
--auction4@whatsmybid.com	
--You have the winning Bid on Lot# 2.	
--<p>Dear Auction4 LastAuction4 ,</p>
<p> Your Bid for Lot # 2 won! </p>
<p>Congratulations!!</p>
<p> </p>
<p>You can get more details by going to http://www.buyerschoiceauction.com/nsr/index.php?option=com_bids&task=viewbids&id=264 and logging in.</p>
<p>Best Regards,</p>
<p>The Webmaster</p>	
----------------------	
--auction4@whatsmybid.com	
--You have the winning Bid on Lot# 2.	
--<p>Dear Auction4 LastAuction4 ,</p>
<p> Your Bid for Lot # 2 won! </p>
<p>Congratulations!!</p>
<p> </p>
<p>You can get more details by going to http://www.buyerschoiceauction.com/nsr/index.php?option=com_bids&task=viewbids&id=264 and logging in.</p>
<p>Best Regards,</p>
<p>The Webmaster</p>	
----------------------	
--auction4@whatsmybid.com	
--You have the winning Bid on Lot# 2.	
--<p>Dear Auction4 LastAuction4 ,</p>
<p> Your Bid for Lot # 2 won! </p>
<p>Congratulations!!</p>
<p> </p>
<p>You can get more details by going to http://www.buyerschoiceauction.com/nsr/index.php?option=com_bids&task=viewbids&id=264 and logging in.</p>
<p>Best Regards,</p>
<p>The Webmaster</p>	
----------------------	
--auction4@whatsmybid.com	
--You have the winning Bid on Lot# 1.	
--<p>Dear Auction4 LastAuction4 ,</p>
<p> Your Bid for Lot # 1 won! </p>
<p>Congratulations!!</p>
<p> </p>
<p>You can get more details by going to http://www.buyerschoiceauction.com/nsr/index.php?option=com_bids&task=viewbids&id=263 and logging in.</p>
<p>Best Regards,</p>
<p>The Webmaster</p>	
----------------------	
--auction5@whatsmybid.com	
--You have the winning Bid on Lot# 2.	
--<p>Dear Auction 5 AL5 ,</p>
<p> Your Bid for Lot # 2 won! </p>
<p>Congratulations!!</p>
<p> </p>
<p>You can get more details by going to http://www.buyerschoiceauction.com/nsr/index.php?option=com_bids&task=viewbids&id=264 and logging in.</p>
<p>Best Regards,</p>
<p>The Webmaster</p>	
----------------------	
--auction5@whatsmybid.com	
--You have the winning Bid on Lot# 3.	
--<p>Dear Auction 5 AL5 ,</p>
<p> Your Bid for Lot # 3 won! </p>
<p>Congratulations!!</p>
<p> </p>
<p>You can get more details by going to http://www.buyerschoiceauction.com/nsr/index.php?option=com_bids&task=viewbids&id=265 and logging in.</p>
<p>Best Regards,</p>
<p>The Webmaster</p>	
----------------------	
--auction4@whatsmybid.com	
--You have the winning Bid on Lot# 1.	
--<p>Dear Auction4 LastAuction4 ,</p>
<p> Your Bid for Lot # 1 won! </p>
<p>Congratulations!!</p>
<p> </p>
<p>You can get more details by going to http://www.buyerschoiceauction.com/nsr/index.php?option=com_bids&task=viewbids&id=263 and logging in.</p>
<p>Best Regards,</p>
<p>The Webmaster</p>	
----------------------	
--auction3@whatsmybid.com	
--You have the winning Bid on Lot# 3.	
--<p>Dear Auction 3 ALast ,</p>
<p> Your Bid for Lot # 3 won! </p>
<p>Congratulations!!</p>
<p> </p>
<p>You can get more details by going to http://www.whatsmybid.com/whatsmybid/index.php?option=com_bids&task=viewbids&id=230 and logging in.</p>
<p>Best Regards,</p>
<p>The Webmaster</p>